# JRE version: OpenJDK Runtime Environment (8.0_45-b14) (build 1.8.0_45-internal-b14)
# Java VM: OpenJDK 64-Bit Server VM (25.45-b02 mixed mode linux-amd64 compressed oops)
Heap:
 PSYoungGen      total 232960K, used 54498K [0x00000000eab00000, 0x0000000100000000, 0x0000000100000000)
  eden space 189440K, 5% used [0x00000000eab00000,0x00000000eb5ba7c0,0x00000000f6400000)
  from space 43520K, 99% used [0x00000000fd580000,0x00000000ffffe058,0x0000000100000000)
  to   space 79872K, 0% used [0x00000000f6400000,0x00000000f6400000,0x00000000fb200000)
 ParOldGen       total 699392K, used 86683K [0x00000000c0000000, 0x00000000eab00000, 0x00000000eab00000)
  object space 699392K, 12% used [0x00000000c0000000,0x00000000c54a6cf0,0x00000000eab00000)
 Metaspace       used 105693K, capacity 106613K, committed 106752K, reserved 1136640K
  class space    used 18687K, capacity 18942K, committed 18944K, reserved 1048576K
GC Heap History (10 events):
Event: 38.786 GC heap before
{Heap before GC invocations=3 (full 0):
 PSYoungGen      total 305664K, used 287720K [0x00000000eab00000, 0x0000000100000000, 0x0000000100000000)
  eden space 262144K, 100% used [0x00000000eab00000,0x00000000fab00000,0x00000000fab00000)
  from space 43520K, 58% used [0x00000000fd580000,0x00000000fee7a070,0x0000000100000000)
  to   space 43520K, 0% used [0x00000000fab00000,0x00000000fab00000,0x00000000fd580000)
 ParOldGen       total 699392K, used 24K [0x00000000c0000000, 0x00000000eab00000, 0x00000000eab00000)
  object space 699392K, 0% used [0x00000000c0000000,0x00000000c0006000,0x00000000eab00000)
 Metaspace       used 63455K, capacity 64056K, committed 64128K, reserved 1101824K
  class space    used 11728K, capacity 11900K, committed 11904K, reserved 1048576K
Event: 38.846 GC heap after
Heap after GC invocations=3 (full 0):
 PSYoungGen      total 305664K, used 38397K [0x00000000eab00000, 0x0000000100000000, 0x0000000100000000)
  eden space 262144K, 0% used [0x00000000eab00000,0x00000000eab00000,0x00000000fab00000)
  from space 43520K, 88% used [0x00000000fab00000,0x00000000fd07f5f8,0x00000000fd580000)
  to   space 43520K, 0% used [0x00000000fd580000,0x00000000fd580000,0x0000000100000000)
 ParOldGen       total 699392K, used 96K [0x00000000c0000000, 0x00000000eab00000, 0x00000000eab00000)
  object space 699392K, 0% used [0x00000000c0000000,0x00000000c0018010,0x00000000eab00000)
 Metaspace       used 63455K, capacity 64056K, committed 64128K, reserved 1101824K
  class space    used 11728K, capacity 11900K, committed 11904K, reserved 1048576K
}
Event: 39.087 GC heap before
{Heap before GC invocations=4 (full 0):
 PSYoungGen      total 305664K, used 86120K [0x00000000eab00000, 0x0000000100000000, 0x0000000100000000)
  eden space 262144K, 18% used [0x00000000eab00000,0x00000000ed99ac88,0x00000000fab00000)
  from space 43520K, 88% used [0x00000000fab00000,0x00000000fd07f5f8,0x00000000fd580000)
  to   space 43520K, 0% used [0x00000000fd580000,0x00000000fd580000,0x0000000100000000)
 ParOldGen       total 699392K, used 96K [0x00000000c0000000, 0x00000000eab00000, 0x00000000eab00000)
  object space 699392K, 0% used [0x00000000c0000000,0x00000000c0018010,0x00000000eab00000)
 Metaspace       used 64880K, capacity 65528K, committed 65536K, reserved 1103872K
  class space    used 11987K, capacity 12156K, committed 12160K, reserved 1048576K
Event: 39.139 GC heap after
Heap after GC invocations=4 (full 0):
 PSYoungGen      total 305664K, used 30566K [0x00000000eab00000, 0x0000000100000000, 0x0000000100000000)
  eden space 262144K, 0% used [0x00000000eab00000,0x00000000eab00000,0x00000000fab00000)
  from space 43520K, 70% used [0x00000000fd580000,0x00000000ff3599a8,0x0000000100000000)
  to   space 43520K, 0% used [0x00000000fab00000,0x00000000fab00000,0x00000000fd580000)
 ParOldGen       total 699392K, used 104K [0x00000000c0000000, 0x00000000eab00000, 0x00000000eab00000)
  object space 699392K, 0% used [0x00000000c0000000,0x00000000c001a010,0x00000000eab00000)
 Metaspace       used 64880K, capacity 65528K, committed 65536K, reserved 1103872K
  class space    used 11987K, capacity 12156K, committed 12160K, reserved 1048576K
}
Event: 39.139 GC heap before
{Heap before GC invocations=5 (full 1):
 PSYoungGen      total 305664K, used 30566K [0x00000000eab00000, 0x0000000100000000, 0x0000000100000000)
  eden space 262144K, 0% used [0x00000000eab00000,0x00000000eab00000,0x00000000fab00000)
  from space 43520K, 70% used [0x00000000fd580000,0x00000000ff3599a8,0x0000000100000000)
  to   space 43520K, 0% used [0x00000000fab00000,0x00000000fab00000,0x00000000fd580000)
 ParOldGen       total 699392K, used 104K [0x00000000c0000000, 0x00000000eab00000, 0x00000000eab00000)
  object space 699392K, 0% used [0x00000000c0000000,0x00000000c001a010,0x00000000eab00000)
 Metaspace       used 64880K, capacity 65528K, committed 65536K, reserved 1103872K
  class space    used 11987K, capacity 12156K, committed 12160K, reserved 1048576K
Event: 39.314 GC heap after
Heap after GC invocations=5 (full 1):
 PSYoungGen      total 305664K, used 0K [0x00000000eab00000, 0x0000000100000000, 0x0000000100000000)
  eden space 262144K, 0% used [0x00000000eab00000,0x00000000eab00000,0x00000000fab00000)
  from space 43520K, 0% used [0x00000000fd580000,0x00000000fd580000,0x0000000100000000)
  to   space 43520K, 0% used [0x00000000fab00000,0x00000000fab00000,0x00000000fd580000)
 ParOldGen       total 699392K, used 30224K [0x00000000c0000000, 0x00000000eab00000, 0x00000000eab00000)
  object space 699392K, 4% used [0x00000000c0000000,0x00000000c1d843f0,0x00000000eab00000)
 Metaspace       used 64852K, capacity 65470K, committed 65536K, reserved 1103872K
  class space    used 11980K, capacity 12138K, committed 12160K, reserved 1048576K
}
Event: 42.165 GC heap before
{Heap before GC invocations=6 (full 1):
 PSYoungGen      total 305664K, used 262144K [0x00000000eab00000, 0x0000000100000000, 0x0000000100000000)
  eden space 262144K, 100% used [0x00000000eab00000,0x00000000fab00000,0x00000000fab00000)
  from space 43520K, 0% used [0x00000000fd580000,0x00000000fd580000,0x0000000100000000)
  to   space 43520K, 0% used [0x00000000fab00000,0x00000000fab00000,0x00000000fd580000)
 ParOldGen       total 699392K, used 30224K [0x00000000c0000000, 0x00000000eab00000, 0x00000000eab00000)
  object space 699392K, 4% used [0x00000000c0000000,0x00000000c1d843f0,0x00000000eab00000)
 Metaspace       used 89569K, capacity 90327K, committed 90624K, reserved 1124352K
  class space    used 16097K, capacity 16275K, committed 16384K, reserved 1048576K
Event: 42.292 GC heap after
Heap after GC invocations=6 (full 1):
 PSYoungGen      total 305664K, used 43503K [0x00000000eab00000, 0x0000000100000000, 0x0000000100000000)
  eden space 262144K, 0% used [0x00000000eab00000,0x00000000eab00000,0x00000000fab00000)
  from space 43520K, 99% used [0x00000000fab00000,0x00000000fd57bde0,0x00000000fd580000)
  to   space 43520K, 0% used [0x00000000fd580000,0x00000000fd580000,0x0000000100000000)
 ParOldGen       total 699392K, used 60655K [0x00000000c0000000, 0x00000000eab00000, 0x00000000eab00000)
  object space 699392K, 8% used [0x00000000c0000000,0x00000000c3b3bef8,0x00000000eab00000)
 Metaspace       used 89569K, capacity 90327K, committed 90624K, reserved 1124352K
  class space    used 16097K, capacity 16275K, committed 16384K, reserved 1048576K
}
Event: 86.458 GC heap before
{Heap before GC invocations=7 (full 1):
 PSYoungGen      total 305664K, used 305647K [0x00000000eab00000, 0x0000000100000000, 0x0000000100000000)
  eden space 262144K, 100% used [0x00000000eab00000,0x00000000fab00000,0x00000000fab00000)
  from space 43520K, 99% used [0x00000000fab00000,0x00000000fd57bde0,0x00000000fd580000)
  to   space 43520K, 0% used [0x00000000fd580000,0x00000000fd580000,0x0000000100000000)
 ParOldGen       total 699392K, used 60655K [0x00000000c0000000, 0x00000000eab00000, 0x00000000eab00000)
  object space 699392K, 8% used [0x00000000c0000000,0x00000000c3b3bef8,0x00000000eab00000)
 Metaspace       used 105693K, capacity 106613K, committed 106752K, reserved 1136640K
  class space    used 18687K, capacity 18942K, committed 18944K, reserved 1048576K
Event: 86.614 GC heap after
Heap after GC invocations=7 (full 1):
 PSYoungGen      total 232960K, used 43512K [0x00000000eab00000, 0x0000000100000000, 0x0000000100000000)
  eden space 189440K, 0% used [0x00000000eab00000,0x00000000eab00000,0x00000000f6400000)
  from space 43520K, 99% used [0x00000000fd580000,0x00000000ffffe058,0x0000000100000000)
  to   space 79872K, 0% used [0x00000000f6400000,0x00000000f6400000,0x00000000fb200000)
 ParOldGen       total 699392K, used 86683K [0x00000000c0000000, 0x00000000eab00000, 0x00000000eab00000)
  object space 699392K, 12% used [0x00000000c0000000,0x00000000c54a6cf0,0x00000000eab00000)
 Metaspace       used 105693K, capacity 106613K, committed 106752K, reserved 1136640K
  class space    used 18687K, capacity 18942K, committed 18944K, reserved 1048576K
}

