# JRE version: OpenJDK Runtime Environment (8.0_45-b14) (build 1.8.0_45-internal-b14)
# Java VM: OpenJDK 64-Bit Server VM (25.45-b02 mixed mode linux-amd64 compressed oops)
Heap:
 PSYoungGen      total 305664K, used 4044K [0x00000000eab00000, 0x0000000100000000, 0x0000000100000000)
  eden space 262144K, 1% used [0x00000000eab00000,0x00000000eaef3258,0x00000000fab00000)
  from space 43520K, 0% used [0x00000000fd580000,0x00000000fd580000,0x0000000100000000)
  to   space 43520K, 0% used [0x00000000fab00000,0x00000000fab00000,0x00000000fd580000)
 ParOldGen       total 699392K, used 30054K [0x00000000c0000000, 0x00000000eab00000, 0x00000000eab00000)
  object space 699392K, 4% used [0x00000000c0000000,0x00000000c1d598f8,0x00000000eab00000)
 Metaspace       used 65163K, capacity 65756K, committed 66048K, reserved 1103872K
  class space    used 12062K, capacity 12207K, committed 12288K, reserved 1048576K
GC Heap History (10 events):
Event: 3.519 GC heap before
{Heap before GC invocations=1 (full 0):
 PSYoungGen      total 305664K, used 262144K [0x00000000eab00000, 0x0000000100000000, 0x0000000100000000)
  eden space 262144K, 100% used [0x00000000eab00000,0x00000000fab00000,0x00000000fab00000)
  from space 43520K, 0% used [0x00000000fd580000,0x00000000fd580000,0x0000000100000000)
  to   space 43520K, 0% used [0x00000000fab00000,0x00000000fab00000,0x00000000fd580000)
 ParOldGen       total 699392K, used 0K [0x00000000c0000000, 0x00000000eab00000, 0x00000000eab00000)
  object space 699392K, 0% used [0x00000000c0000000,0x00000000c0000000,0x00000000eab00000)
 Metaspace       used 39288K, capacity 39742K, committed 39936K, reserved 1081344K
  class space    used 6930K, capacity 7059K, committed 7168K, reserved 1048576K
Event: 3.579 GC heap after
Heap after GC invocations=1 (full 0):
 PSYoungGen      total 305664K, used 35298K [0x00000000eab00000, 0x0000000100000000, 0x0000000100000000)
  eden space 262144K, 0% used [0x00000000eab00000,0x00000000eab00000,0x00000000fab00000)
  from space 43520K, 81% used [0x00000000fab00000,0x00000000fcd78900,0x00000000fd580000)
  to   space 43520K, 0% used [0x00000000fd580000,0x00000000fd580000,0x0000000100000000)
 ParOldGen       total 699392K, used 24K [0x00000000c0000000, 0x00000000eab00000, 0x00000000eab00000)
  object space 699392K, 0% used [0x00000000c0000000,0x00000000c0006000,0x00000000eab00000)
 Metaspace       used 39288K, capacity 39742K, committed 39936K, reserved 1081344K
  class space    used 6930K, capacity 7059K, committed 7168K, reserved 1048576K
}
Event: 5.549 GC heap before
{Heap before GC invocations=2 (full 0):
 PSYoungGen      total 305664K, used 297442K [0x00000000eab00000, 0x0000000100000000, 0x0000000100000000)
  eden space 262144K, 100% used [0x00000000eab00000,0x00000000fab00000,0x00000000fab00000)
  from space 43520K, 81% used [0x00000000fab00000,0x00000000fcd78900,0x00000000fd580000)
  to   space 43520K, 0% used [0x00000000fd580000,0x00000000fd580000,0x0000000100000000)
 ParOldGen       total 699392K, used 24K [0x00000000c0000000, 0x00000000eab00000, 0x00000000eab00000)
  object space 699392K, 0% used [0x00000000c0000000,0x00000000c0006000,0x00000000eab00000)
 Metaspace       used 47992K, capacity 48584K, committed 48768K, reserved 1089536K
  class space    used 9155K, capacity 9324K, committed 9344K, reserved 1048576K
Event: 5.626 GC heap after
Heap after GC invocations=2 (full 0):
 PSYoungGen      total 305664K, used 25576K [0x00000000eab00000, 0x0000000100000000, 0x0000000100000000)
  eden space 262144K, 0% used [0x00000000eab00000,0x00000000eab00000,0x00000000fab00000)
  from space 43520K, 58% used [0x00000000fd580000,0x00000000fee7a348,0x0000000100000000)
  to   space 43520K, 0% used [0x00000000fab00000,0x00000000fab00000,0x00000000fd580000)
 ParOldGen       total 699392K, used 32K [0x00000000c0000000, 0x00000000eab00000, 0x00000000eab00000)
  object space 699392K, 0% used [0x00000000c0000000,0x00000000c0008000,0x00000000eab00000)
 Metaspace       used 47992K, capacity 48584K, committed 48768K, reserved 1089536K
  class space    used 9155K, capacity 9324K, committed 9344K, reserved 1048576K
}
Event: 10.950 GC heap before
{Heap before GC invocations=3 (full 0):
 PSYoungGen      total 305664K, used 287720K [0x00000000eab00000, 0x0000000100000000, 0x0000000100000000)
  eden space 262144K, 100% used [0x00000000eab00000,0x00000000fab00000,0x00000000fab00000)
  from space 43520K, 58% used [0x00000000fd580000,0x00000000fee7a348,0x0000000100000000)
  to   space 43520K, 0% used [0x00000000fab00000,0x00000000fab00000,0x00000000fd580000)
 ParOldGen       total 699392K, used 32K [0x00000000c0000000, 0x00000000eab00000, 0x00000000eab00000)
  object space 699392K, 0% used [0x00000000c0000000,0x00000000c0008000,0x00000000eab00000)
 Metaspace       used 63934K, capacity 64568K, committed 64768K, reserved 1101824K
  class space    used 11799K, capacity 11964K, committed 12032K, reserved 1048576K
Event: 11.008 GC heap after
Heap after GC invocations=3 (full 0):
 PSYoungGen      total 305664K, used 39034K [0x00000000eab00000, 0x0000000100000000, 0x0000000100000000)
  eden space 262144K, 0% used [0x00000000eab00000,0x00000000eab00000,0x00000000fab00000)
  from space 43520K, 89% used [0x00000000fab00000,0x00000000fd11e8d0,0x00000000fd580000)
  to   space 43520K, 0% used [0x00000000fd580000,0x00000000fd580000,0x0000000100000000)
 ParOldGen       total 699392K, used 40K [0x00000000c0000000, 0x00000000eab00000, 0x00000000eab00000)
  object space 699392K, 0% used [0x00000000c0000000,0x00000000c000a000,0x00000000eab00000)
 Metaspace       used 63934K, capacity 64568K, committed 64768K, reserved 1101824K
  class space    used 11799K, capacity 11964K, committed 12032K, reserved 1048576K
}
Event: 11.197 GC heap before
{Heap before GC invocations=4 (full 0):
 PSYoungGen      total 305664K, used 79551K [0x00000000eab00000, 0x0000000100000000, 0x0000000100000000)
  eden space 262144K, 15% used [0x00000000eab00000,0x00000000ed2914e0,0x00000000fab00000)
  from space 43520K, 89% used [0x00000000fab00000,0x00000000fd11e8d0,0x00000000fd580000)
  to   space 43520K, 0% used [0x00000000fd580000,0x00000000fd580000,0x0000000100000000)
 ParOldGen       total 699392K, used 40K [0x00000000c0000000, 0x00000000eab00000, 0x00000000eab00000)
  object space 699392K, 0% used [0x00000000c0000000,0x00000000c000a000,0x00000000eab00000)
 Metaspace       used 64834K, capacity 65432K, committed 65536K, reserved 1101824K
  class space    used 12021K, capacity 12188K, committed 12288K, reserved 1048576K
Event: 11.250 GC heap after
Heap after GC invocations=4 (full 0):
 PSYoungGen      total 305664K, used 30404K [0x00000000eab00000, 0x0000000100000000, 0x0000000100000000)
  eden space 262144K, 0% used [0x00000000eab00000,0x00000000eab00000,0x00000000fab00000)
  from space 43520K, 69% used [0x00000000fd580000,0x00000000ff331340,0x0000000100000000)
  to   space 43520K, 0% used [0x00000000fab00000,0x00000000fab00000,0x00000000fd580000)
 ParOldGen       total 699392K, used 48K [0x00000000c0000000, 0x00000000eab00000, 0x00000000eab00000)
  object space 699392K, 0% used [0x00000000c0000000,0x00000000c000c000,0x00000000eab00000)
 Metaspace       used 64834K, capacity 65432K, committed 65536K, reserved 1101824K
  class space    used 12021K, capacity 12188K, committed 12288K, reserved 1048576K
}
Event: 11.250 GC heap before
{Heap before GC invocations=5 (full 1):
 PSYoungGen      total 305664K, used 30404K [0x00000000eab00000, 0x0000000100000000, 0x0000000100000000)
  eden space 262144K, 0% used [0x00000000eab00000,0x00000000eab00000,0x00000000fab00000)
  from space 43520K, 69% used [0x00000000fd580000,0x00000000ff331340,0x0000000100000000)
  to   space 43520K, 0% used [0x00000000fab00000,0x00000000fab00000,0x00000000fd580000)
 ParOldGen       total 699392K, used 48K [0x00000000c0000000, 0x00000000eab00000, 0x00000000eab00000)
  object space 699392K, 0% used [0x00000000c0000000,0x00000000c000c000,0x00000000eab00000)
 Metaspace       used 64834K, capacity 65432K, committed 65536K, reserved 1101824K
  class space    used 12021K, capacity 12188K, committed 12288K, reserved 1048576K
Event: 11.424 GC heap after
Heap after GC invocations=5 (full 1):
 PSYoungGen      total 305664K, used 0K [0x00000000eab00000, 0x0000000100000000, 0x0000000100000000)
  eden space 262144K, 0% used [0x00000000eab00000,0x00000000eab00000,0x00000000fab00000)
  from space 43520K, 0% used [0x00000000fd580000,0x00000000fd580000,0x0000000100000000)
  to   space 43520K, 0% used [0x00000000fab00000,0x00000000fab00000,0x00000000fd580000)
 ParOldGen       total 699392K, used 30054K [0x00000000c0000000, 0x00000000eab00000, 0x00000000eab00000)
  object space 699392K, 4% used [0x00000000c0000000,0x00000000c1d598f8,0x00000000eab00000)
 Metaspace       used 64806K, capacity 65374K, committed 65536K, reserved 1101824K
  class space    used 12015K, capacity 12170K, committed 12288K, reserved 1048576K
}

