# JRE version: OpenJDK Runtime Environment (8.0_45-b14) (build 1.8.0_45-internal-b14)
# Java VM: OpenJDK 64-Bit Server VM (25.45-b02 mixed mode linux-amd64 compressed oops)
Heap:
 PSYoungGen      total 305664K, used 194774K [0x00000000eab00000, 0x0000000100000000, 0x0000000100000000)
  eden space 262144K, 74% used [0x00000000eab00000,0x00000000f6935988,0x00000000fab00000)
  from space 43520K, 0% used [0x00000000fd580000,0x00000000fd580000,0x0000000100000000)
  to   space 43520K, 0% used [0x00000000fab00000,0x00000000fab00000,0x00000000fd580000)
 ParOldGen       total 699392K, used 29108K [0x00000000c0000000, 0x00000000eab00000, 0x00000000eab00000)
  object space 699392K, 4% used [0x00000000c0000000,0x00000000c1c6d3c8,0x00000000eab00000)
 Metaspace       used 81154K, capacity 81970K, committed 82176K, reserved 1116160K
  class space    used 15045K, capacity 15283K, committed 15360K, reserved 1048576K
GC Heap History (10 events):
Event: 3.398 GC heap before
{Heap before GC invocations=1 (full 0):
 PSYoungGen      total 305664K, used 262144K [0x00000000eab00000, 0x0000000100000000, 0x0000000100000000)
  eden space 262144K, 100% used [0x00000000eab00000,0x00000000fab00000,0x00000000fab00000)
  from space 43520K, 0% used [0x00000000fd580000,0x00000000fd580000,0x0000000100000000)
  to   space 43520K, 0% used [0x00000000fab00000,0x00000000fab00000,0x00000000fd580000)
 ParOldGen       total 699392K, used 0K [0x00000000c0000000, 0x00000000eab00000, 0x00000000eab00000)
  object space 699392K, 0% used [0x00000000c0000000,0x00000000c0000000,0x00000000eab00000)
 Metaspace       used 39247K, capacity 39710K, committed 39808K, reserved 1081344K
  class space    used 6914K, capacity 7027K, committed 7040K, reserved 1048576K
Event: 3.484 GC heap after
Heap after GC invocations=1 (full 0):
 PSYoungGen      total 305664K, used 34979K [0x00000000eab00000, 0x0000000100000000, 0x0000000100000000)
  eden space 262144K, 0% used [0x00000000eab00000,0x00000000eab00000,0x00000000fab00000)
  from space 43520K, 80% used [0x00000000fab00000,0x00000000fcd28fc0,0x00000000fd580000)
  to   space 43520K, 0% used [0x00000000fd580000,0x00000000fd580000,0x0000000100000000)
 ParOldGen       total 699392K, used 24K [0x00000000c0000000, 0x00000000eab00000, 0x00000000eab00000)
  object space 699392K, 0% used [0x00000000c0000000,0x00000000c0006000,0x00000000eab00000)
 Metaspace       used 39247K, capacity 39710K, committed 39808K, reserved 1081344K
  class space    used 6914K, capacity 7027K, committed 7040K, reserved 1048576K
}
Event: 6.456 GC heap before
{Heap before GC invocations=2 (full 0):
 PSYoungGen      total 305664K, used 297123K [0x00000000eab00000, 0x0000000100000000, 0x0000000100000000)
  eden space 262144K, 100% used [0x00000000eab00000,0x00000000fab00000,0x00000000fab00000)
  from space 43520K, 80% used [0x00000000fab00000,0x00000000fcd28fc0,0x00000000fd580000)
  to   space 43520K, 0% used [0x00000000fd580000,0x00000000fd580000,0x0000000100000000)
 ParOldGen       total 699392K, used 24K [0x00000000c0000000, 0x00000000eab00000, 0x00000000eab00000)
  object space 699392K, 0% used [0x00000000c0000000,0x00000000c0006000,0x00000000eab00000)
 Metaspace       used 48034K, capacity 48584K, committed 48768K, reserved 1089536K
  class space    used 9154K, capacity 9324K, committed 9344K, reserved 1048576K
Event: 6.531 GC heap after
Heap after GC invocations=2 (full 0):
 PSYoungGen      total 305664K, used 25652K [0x00000000eab00000, 0x0000000100000000, 0x0000000100000000)
  eden space 262144K, 0% used [0x00000000eab00000,0x00000000eab00000,0x00000000fab00000)
  from space 43520K, 58% used [0x00000000fd580000,0x00000000fee8d380,0x0000000100000000)
  to   space 43520K, 0% used [0x00000000fab00000,0x00000000fab00000,0x00000000fd580000)
 ParOldGen       total 699392K, used 32K [0x00000000c0000000, 0x00000000eab00000, 0x00000000eab00000)
  object space 699392K, 0% used [0x00000000c0000000,0x00000000c0008000,0x00000000eab00000)
 Metaspace       used 48034K, capacity 48584K, committed 48768K, reserved 1089536K
  class space    used 9154K, capacity 9324K, committed 9344K, reserved 1048576K
}
Event: 10.495 GC heap before
{Heap before GC invocations=3 (full 0):
 PSYoungGen      total 305664K, used 287796K [0x00000000eab00000, 0x0000000100000000, 0x0000000100000000)
  eden space 262144K, 100% used [0x00000000eab00000,0x00000000fab00000,0x00000000fab00000)
  from space 43520K, 58% used [0x00000000fd580000,0x00000000fee8d380,0x0000000100000000)
  to   space 43520K, 0% used [0x00000000fab00000,0x00000000fab00000,0x00000000fd580000)
 ParOldGen       total 699392K, used 32K [0x00000000c0000000, 0x00000000eab00000, 0x00000000eab00000)
  object space 699392K, 0% used [0x00000000c0000000,0x00000000c0008000,0x00000000eab00000)
 Metaspace       used 63220K, capacity 63832K, committed 63872K, reserved 1101824K
  class space    used 11695K, capacity 11868K, committed 11904K, reserved 1048576K
Event: 10.546 GC heap after
Heap after GC invocations=3 (full 0):
 PSYoungGen      total 305664K, used 38181K [0x00000000eab00000, 0x0000000100000000, 0x0000000100000000)
  eden space 262144K, 0% used [0x00000000eab00000,0x00000000eab00000,0x00000000fab00000)
  from space 43520K, 87% used [0x00000000fab00000,0x00000000fd0497e8,0x00000000fd580000)
  to   space 43520K, 0% used [0x00000000fd580000,0x00000000fd580000,0x0000000100000000)
 ParOldGen       total 699392K, used 104K [0x00000000c0000000, 0x00000000eab00000, 0x00000000eab00000)
  object space 699392K, 0% used [0x00000000c0000000,0x00000000c001a010,0x00000000eab00000)
 Metaspace       used 63220K, capacity 63832K, committed 63872K, reserved 1101824K
  class space    used 11695K, capacity 11868K, committed 11904K, reserved 1048576K
}
Event: 18.820 GC heap before
{Heap before GC invocations=4 (full 0):
 PSYoungGen      total 305664K, used 79673K [0x00000000eab00000, 0x0000000100000000, 0x0000000100000000)
  eden space 262144K, 15% used [0x00000000eab00000,0x00000000ed384d78,0x00000000fab00000)
  from space 43520K, 87% used [0x00000000fab00000,0x00000000fd0497e8,0x00000000fd580000)
  to   space 43520K, 0% used [0x00000000fd580000,0x00000000fd580000,0x0000000100000000)
 ParOldGen       total 699392K, used 104K [0x00000000c0000000, 0x00000000eab00000, 0x00000000eab00000)
  object space 699392K, 0% used [0x00000000c0000000,0x00000000c001a010,0x00000000eab00000)
 Metaspace       used 64902K, capacity 65496K, committed 65536K, reserved 1103872K
  class space    used 11973K, capacity 12124K, committed 12160K, reserved 1048576K
Event: 18.870 GC heap after
Heap after GC invocations=4 (full 0):
 PSYoungGen      total 305664K, used 29441K [0x00000000eab00000, 0x0000000100000000, 0x0000000100000000)
  eden space 262144K, 0% used [0x00000000eab00000,0x00000000eab00000,0x00000000fab00000)
  from space 43520K, 67% used [0x00000000fd580000,0x00000000ff240618,0x0000000100000000)
  to   space 43520K, 0% used [0x00000000fab00000,0x00000000fab00000,0x00000000fd580000)
 ParOldGen       total 699392K, used 112K [0x00000000c0000000, 0x00000000eab00000, 0x00000000eab00000)
  object space 699392K, 0% used [0x00000000c0000000,0x00000000c001c010,0x00000000eab00000)
 Metaspace       used 64902K, capacity 65496K, committed 65536K, reserved 1103872K
  class space    used 11973K, capacity 12124K, committed 12160K, reserved 1048576K
}
Event: 18.870 GC heap before
{Heap before GC invocations=5 (full 1):
 PSYoungGen      total 305664K, used 29441K [0x00000000eab00000, 0x0000000100000000, 0x0000000100000000)
  eden space 262144K, 0% used [0x00000000eab00000,0x00000000eab00000,0x00000000fab00000)
  from space 43520K, 67% used [0x00000000fd580000,0x00000000ff240618,0x0000000100000000)
  to   space 43520K, 0% used [0x00000000fab00000,0x00000000fab00000,0x00000000fd580000)
 ParOldGen       total 699392K, used 112K [0x00000000c0000000, 0x00000000eab00000, 0x00000000eab00000)
  object space 699392K, 0% used [0x00000000c0000000,0x00000000c001c010,0x00000000eab00000)
 Metaspace       used 64902K, capacity 65496K, committed 65536K, reserved 1103872K
  class space    used 11973K, capacity 12124K, committed 12160K, reserved 1048576K
Event: 19.041 GC heap after
Heap after GC invocations=5 (full 1):
 PSYoungGen      total 305664K, used 0K [0x00000000eab00000, 0x0000000100000000, 0x0000000100000000)
  eden space 262144K, 0% used [0x00000000eab00000,0x00000000eab00000,0x00000000fab00000)
  from space 43520K, 0% used [0x00000000fd580000,0x00000000fd580000,0x0000000100000000)
  to   space 43520K, 0% used [0x00000000fab00000,0x00000000fab00000,0x00000000fd580000)
 ParOldGen       total 699392K, used 29108K [0x00000000c0000000, 0x00000000eab00000, 0x00000000eab00000)
  object space 699392K, 4% used [0x00000000c0000000,0x00000000c1c6d3c8,0x00000000eab00000)
 Metaspace       used 64833K, capacity 65356K, committed 65536K, reserved 1103872K
  class space    used 11961K, capacity 12100K, committed 12160K, reserved 1048576K
}

