# JRE version: OpenJDK Runtime Environment (8.0_45-b14) (build 1.8.0_45-internal-b14)
# Java VM: OpenJDK 64-Bit Server VM (25.45-b02 mixed mode linux-amd64 compressed oops)
Heap:
 PSYoungGen      total 305664K, used 157430K [0x00000000eab00000, 0x0000000100000000, 0x0000000100000000)
  eden space 262144K, 50% used [0x00000000eab00000,0x00000000f2c81498,0x00000000fab00000)
  from space 43520K, 57% used [0x00000000fd580000,0x00000000fedbc490,0x0000000100000000)
  to   space 43520K, 0% used [0x00000000fab00000,0x00000000fab00000,0x00000000fd580000)
 ParOldGen       total 699392K, used 32K [0x00000000c0000000, 0x00000000eab00000, 0x00000000eab00000)
  object space 699392K, 0% used [0x00000000c0000000,0x00000000c0008000,0x00000000eab00000)
 Metaspace       used 51714K, capacity 52200K, committed 52480K, reserved 1091584K
  class space    used 9763K, capacity 9932K, committed 9984K, reserved 1048576K
GC Heap History (4 events):
Event: 3.321 GC heap before
{Heap before GC invocations=1 (full 0):
 PSYoungGen      total 305664K, used 262144K [0x00000000eab00000, 0x0000000100000000, 0x0000000100000000)
  eden space 262144K, 100% used [0x00000000eab00000,0x00000000fab00000,0x00000000fab00000)
  from space 43520K, 0% used [0x00000000fd580000,0x00000000fd580000,0x0000000100000000)
  to   space 43520K, 0% used [0x00000000fab00000,0x00000000fab00000,0x00000000fd580000)
 ParOldGen       total 699392K, used 0K [0x00000000c0000000, 0x00000000eab00000, 0x00000000eab00000)
  object space 699392K, 0% used [0x00000000c0000000,0x00000000c0000000,0x00000000eab00000)
 Metaspace       used 39279K, capacity 39678K, committed 39936K, reserved 1081344K
  class space    used 6930K, capacity 7059K, committed 7168K, reserved 1048576K
Event: 3.388 GC heap after
Heap after GC invocations=1 (full 0):
 PSYoungGen      total 305664K, used 35285K [0x00000000eab00000, 0x0000000100000000, 0x0000000100000000)
  eden space 262144K, 0% used [0x00000000eab00000,0x00000000eab00000,0x00000000fab00000)
  from space 43520K, 81% used [0x00000000fab00000,0x00000000fcd75430,0x00000000fd580000)
  to   space 43520K, 0% used [0x00000000fd580000,0x00000000fd580000,0x0000000100000000)
 ParOldGen       total 699392K, used 24K [0x00000000c0000000, 0x00000000eab00000, 0x00000000eab00000)
  object space 699392K, 0% used [0x00000000c0000000,0x00000000c0006000,0x00000000eab00000)
 Metaspace       used 39279K, capacity 39678K, committed 39936K, reserved 1081344K
  class space    used 6930K, capacity 7059K, committed 7168K, reserved 1048576K
}
Event: 5.190 GC heap before
{Heap before GC invocations=2 (full 0):
 PSYoungGen      total 305664K, used 297429K [0x00000000eab00000, 0x0000000100000000, 0x0000000100000000)
  eden space 262144K, 100% used [0x00000000eab00000,0x00000000fab00000,0x00000000fab00000)
  from space 43520K, 81% used [0x00000000fab00000,0x00000000fcd75430,0x00000000fd580000)
  to   space 43520K, 0% used [0x00000000fd580000,0x00000000fd580000,0x0000000100000000)
 ParOldGen       total 699392K, used 24K [0x00000000c0000000, 0x00000000eab00000, 0x00000000eab00000)
  object space 699392K, 0% used [0x00000000c0000000,0x00000000c0006000,0x00000000eab00000)
 Metaspace       used 47537K, capacity 48008K, committed 48128K, reserved 1087488K
  class space    used 9026K, capacity 9196K, committed 9216K, reserved 1048576K
Event: 5.262 GC heap after
Heap after GC invocations=2 (full 0):
 PSYoungGen      total 305664K, used 24817K [0x00000000eab00000, 0x0000000100000000, 0x0000000100000000)
  eden space 262144K, 0% used [0x00000000eab00000,0x00000000eab00000,0x00000000fab00000)
  from space 43520K, 57% used [0x00000000fd580000,0x00000000fedbc490,0x0000000100000000)
  to   space 43520K, 0% used [0x00000000fab00000,0x00000000fab00000,0x00000000fd580000)
 ParOldGen       total 699392K, used 32K [0x00000000c0000000, 0x00000000eab00000, 0x00000000eab00000)
  object space 699392K, 0% used [0x00000000c0000000,0x00000000c0008000,0x00000000eab00000)
 Metaspace       used 47537K, capacity 48008K, committed 48128K, reserved 1087488K
  class space    used 9026K, capacity 9196K, committed 9216K, reserved 1048576K
}

